SF:lib\application\dashboard\weather_state.dart
DA:12,2
DA:13,1
DA:16,1
LF:3
LH:3
end_of_record
SF:lib\application\dashboard\weather_bloc.dart
DA:17,0
DA:19,0
DA:20,0
DA:21,0
DA:24,0
DA:28,0
DA:29,0
DA:30,0
DA:31,0
DA:32,0
DA:33,0
DA:37,0
DA:38,0
DA:39,0
DA:40,0
DA:42,0
DA:43,0
DA:45,0
DA:46,0
DA:49,0
DA:51,0
DA:53,0
DA:57,0
DA:60,0
DA:63,0
DA:65,0
LF:26
LH:0
end_of_record
SF:lib\domain\core\error\api_failures.dart
DA:20,0
DA:21,0
DA:22,0
DA:23,0
DA:24,0
DA:25,0
DA:26,0
DA:27,0
LF:8
LH:0
end_of_record
SF:lib\domain\dashboard\entities\city_cred.dart
DA:8,0
DA:14,0
DA:15,0
LF:3
LH:0
end_of_record
SF:lib\domain\dashboard\entities\fetched_weather.dart
DA:6,3
DA:11,0
LF:2
LH:1
end_of_record
SF:lib\domain\dashboard\entities\weather.dart
DA:6,2
DA:10,0
LF:2
LH:1
end_of_record
SF:lib\domain\dashboard\value\value_objects.dart
DA:10,1
DA:11,2
DA:14,1
DA:21,0
DA:22,0
DA:25,0
LF:6
LH:3
end_of_record
SF:lib\main.dart
DA:9,0
DA:10,0
DA:11,0
DA:14,0
DA:15,0
DA:16,0
DA:20,1
DA:23,0
DA:25,0
DA:26,0
DA:27,0
DA:28,0
DA:29,0
DA:32,0
DA:35,0
DA:38,0
DA:40,0
DA:41,0
DA:44,0
LF:19
LH:1
end_of_record
SF:lib\presentation\dashboard\homepage.dart
DA:9,3
DA:12,2
DA:14,1
DA:15,1
DA:19,1
DA:21,3
DA:22,3
DA:23,1
DA:24,1
DA:27,1
DA:28,1
DA:29,2
DA:30,1
DA:31,1
DA:32,2
DA:33,0
DA:34,2
DA:35,0
DA:36,0
DA:37,0
DA:42,1
DA:43,2
DA:48,1
DA:50,3
DA:52,1
DA:53,1
DA:54,1
DA:56,4
DA:59,1
DA:66,1
DA:68,1
DA:69,1
DA:71,1
DA:73,1
DA:76,2
DA:86,1
DA:87,1
DA:88,2
DA:89,0
DA:90,0
DA:92,1
DA:93,3
DA:95,1
DA:101,1
DA:102,1
DA:104,1
DA:105,1
DA:106,1
DA:107,3
DA:108,4
DA:110,1
DA:111,1
DA:112,1
DA:113,1
DA:115,1
DA:116,1
DA:120,1
DA:121,1
DA:122,2
DA:123,0
DA:124,0
DA:126,1
DA:127,3
DA:129,1
DA:138,1
DA:141,1
DA:142,1
DA:144,1
DA:145,3
DA:147,1
DA:149,1
DA:154,1
DA:155,2
DA:156,0
DA:157,0
DA:159,1
DA:160,3
DA:162,1
DA:173,1
DA:174,1
DA:175,1
DA:176,1
DA:177,1
DA:180,1
DA:182,1
DA:183,1
DA:185,1
DA:187,4
DA:189,2
DA:194,1
DA:195,1
DA:196,1
DA:197,2
DA:198,0
DA:199,0
DA:201,1
DA:202,3
DA:204,1
DA:214,1
DA:216,1
DA:218,4
DA:220,2
DA:225,1
DA:226,1
DA:227,1
DA:228,2
DA:229,0
DA:230,0
DA:232,1
DA:233,3
DA:235,1
DA:250,1
DA:251,1
DA:252,1
DA:253,1
DA:254,1
DA:256,1
DA:258,1
DA:259,1
DA:260,1
DA:261,4
DA:263,2
DA:268,1
DA:269,1
DA:270,2
DA:271,0
DA:272,0
DA:274,1
DA:275,3
DA:277,1
DA:286,1
DA:287,1
DA:288,4
DA:290,2
DA:295,1
DA:296,1
DA:297,2
DA:298,0
DA:299,0
DA:301,1
DA:302,3
DA:304,1
DA:313,1
DA:314,1
DA:315,4
DA:317,2
DA:322,1
DA:323,1
DA:324,2
DA:325,0
DA:326,0
DA:328,1
DA:329,3
DA:331,1
DA:344,1
DA:346,1
DA:347,1
DA:349,1
DA:350,3
DA:352,1
DA:354,1
DA:359,1
DA:360,2
DA:361,0
DA:362,0
DA:364,1
DA:365,3
DA:367,1
DA:390,1
DA:392,1
DA:393,1
DA:397,1
DA:399,1
DA:400,1
DA:401,2
DA:402,1
DA:403,1
DA:404,1
DA:405,3
DA:406,1
DA:407,1
DA:408,1
DA:409,1
DA:410,1
DA:412,1
DA:413,1
DA:414,1
DA:417,3
DA:418,1
DA:419,1
DA:420,1
DA:422,1
DA:426,0
DA:428,0
DA:429,0
DA:431,0
DA:432,0
DA:433,0
DA:434,0
DA:435,0
DA:437,0
DA:440,1
DA:441,1
DA:443,2
DA:445,1
DA:447,1
DA:457,1
DA:460,0
DA:461,0
DA:463,0
DA:464,0
LF:211
LH:176
end_of_record
SF:lib\domain\core\error\errors.dart
DA:8,0
DA:10,0
DA:15,0
LF:3
LH:0
end_of_record
SF:lib\domain\core\error\exception.dart
DA:3,0
DA:9,0
DA:14,0
DA:19,0
LF:4
LH:0
end_of_record
SF:lib\domain\core\error\exception_handler.dart
DA:2,0
DA:4,0
LF:2
LH:0
end_of_record
SF:lib\domain\core\error\failure_handler.dart
DA:9,0
DA:10,0
DA:11,0
DA:12,0
DA:15,0
DA:16,0
DA:17,0
DA:18,0
DA:19,0
DA:20,0
DA:21,0
DA:22,0
DA:24,0
DA:26,0
DA:27,0
DA:28,0
DA:29,0
DA:31,0
LF:18
LH:0
end_of_record
SF:lib\domain\core\value\value_objects.dart
DA:9,1
DA:13,0
DA:15,0
DA:18,0
DA:19,0
DA:22,0
DA:24,0
DA:25,0
DA:26,0
DA:27,0
DA:31,0
DA:33,0
DA:37,0
DA:40,0
DA:41,0
DA:43,0
DA:44,0
DA:48,0
DA:52,0
DA:54,0
DA:57,0
DA:59,0
DA:63,0
DA:66,0
DA:67,0
DA:69,0
DA:70,0
LF:27
LH:1
end_of_record
SF:lib\domain\core\value\value_validators.dart
DA:4,1
DA:5,1
DA:6,0
DA:7,2
LF:4
LH:3
end_of_record
SF:lib\infrastructure\core\http\http.dart
DA:7,0
DA:9,0
DA:13,0
DA:14,0
DA:15,0
DA:18,0
DA:20,0
DA:24,0
DA:26,0
DA:32,0
DA:33,0
DA:35,0
DA:39,0
DA:40,0
LF:14
LH:0
end_of_record
SF:lib\infrastructure\dashboard\datasource\weather_remote.dart
DA:14,0
DA:19,0
DA:20,0
DA:21,0
DA:24,0
DA:26,0
DA:27,0
DA:31,0
DA:35,0
DA:36,0
DA:37,0
DA:38,0
DA:40,0
DA:41,0
DA:42,0
LF:15
LH:0
end_of_record
SF:lib\infrastructure\dashboard\dtos\weather_dtos.dart
DA:9,0
DA:15,0
DA:16,0
DA:19,0
DA:20,0
DA:21,0
DA:25,0
DA:26,0
LF:8
LH:0
end_of_record
SF:lib\infrastructure\dashboard\dtos\weather_dtos.g.dart
DA:9,0
DA:10,0
DA:11,0
DA:14,0
DA:15,0
DA:16,0
LF:6
LH:0
end_of_record
SF:lib\infrastructure\dashboard\repository\weather_repository.dart
DA:14,0
DA:18,0
DA:21,0
DA:23,0
DA:27,0
DA:31,0
DA:34,0
DA:37,0
DA:40,0
DA:43,0
DA:45,0
DA:48,0
DA:50,0
DA:54,0
DA:57,0
LF:15
LH:0
end_of_record
SF:lib\locator.dart
DA:13,0
DA:15,0
DA:21,0
DA:22,0
DA:23,0
DA:25,0
DA:26,0
DA:28,0
DA:29,0
DA:30,0
DA:31,0
DA:32,0
DA:36,0
DA:37,0
DA:38,0
DA:39,0
DA:48,0
DA:49,0
DA:50,0
DA:54,0
DA:55,0
LF:21
LH:0
end_of_record
SF:lib\presentation\routes\route_observer.dart
DA:5,0
DA:7,0
DA:9,0
DA:10,0
DA:14,0
DA:16,0
DA:17,0
DA:21,0
DA:23,0
DA:26,0
DA:28,0
LF:11
LH:0
end_of_record
SF:lib\presentation\routes\router.gr.dart
DA:20,0
DA:21,0
DA:25,0
DA:26,0
DA:33,0
DA:34,0
DA:35,0
DA:41,0
DA:51,0
DA:52,0
LF:10
LH:0
end_of_record
SF:lib\presentation\core\snackbar.dart
DA:3,0
DA:4,0
DA:5,0
DA:6,0
LF:4
LH:0
end_of_record
