SF:lib\application\dashboard\weather_state.dart
DA:12,2
DA:13,1
DA:16,1
LF:3
LH:3
end_of_record
SF:lib\application\dashboard\weather_bloc.dart
DA:17,0
DA:19,0
DA:20,0
DA:21,0
DA:24,0
DA:28,0
DA:29,0
DA:30,0
DA:31,0
DA:32,0
DA:33,0
DA:37,0
DA:38,0
DA:39,0
DA:40,0
DA:42,0
DA:43,0
DA:45,0
DA:46,0
DA:49,0
DA:51,0
DA:53,0
DA:57,0
DA:60,0
DA:63,0
DA:65,0
LF:26
LH:0
end_of_record
SF:lib\main.dart
DA:9,0
DA:10,0
DA:11,0
DA:14,0
DA:15,0
DA:16,0
DA:20,1
DA:23,0
DA:25,0
DA:26,0
DA:27,0
DA:28,0
DA:29,0
DA:32,0
DA:35,0
DA:38,0
DA:40,0
DA:41,0
DA:44,0
LF:19
LH:1
end_of_record
SF:lib\presentation\dashboard\homepage.dart
DA:9,0
DA:12,3
DA:14,1
DA:15,1
DA:19,1
DA:21,1
DA:22,0
DA:23,0
DA:24,0
DA:27,0
DA:28,0
DA:29,0
DA:30,0
DA:31,0
DA:32,0
DA:33,0
DA:34,0
DA:35,0
DA:36,0
DA:37,0
DA:42,0
DA:43,0
DA:48,0
DA:50,0
DA:52,0
DA:53,0
DA:54,0
DA:56,0
DA:59,0
DA:66,0
DA:68,0
DA:69,0
DA:71,0
DA:73,0
DA:83,0
DA:84,0
DA:85,0
DA:86,0
DA:87,0
DA:89,0
DA:90,0
DA:92,0
DA:98,0
DA:99,0
DA:101,0
DA:102,0
DA:103,0
DA:104,0
DA:105,0
DA:107,0
DA:108,0
DA:109,0
DA:110,0
DA:112,0
DA:113,0
DA:117,0
DA:118,0
DA:119,0
DA:120,0
DA:121,0
DA:123,0
DA:124,0
DA:126,0
DA:135,0
DA:138,0
DA:139,0
DA:141,0
DA:142,0
DA:144,0
DA:146,0
DA:151,0
DA:152,0
DA:153,0
DA:154,0
DA:156,0
DA:157,0
DA:159,0
DA:170,0
DA:171,0
DA:172,0
DA:173,0
DA:174,0
DA:177,0
DA:179,0
DA:180,0
DA:182,0
DA:184,0
DA:186,0
DA:191,0
DA:192,0
DA:193,0
DA:194,0
DA:195,0
DA:196,0
DA:198,0
DA:199,0
DA:201,0
DA:211,0
DA:213,0
DA:215,0
DA:217,0
DA:222,0
DA:223,0
DA:224,0
DA:225,0
DA:226,0
DA:227,0
DA:229,0
DA:230,0
DA:232,0
DA:247,0
DA:248,0
DA:249,0
DA:250,0
DA:251,0
DA:253,0
DA:255,0
DA:256,0
DA:257,0
DA:258,0
DA:260,0
DA:265,0
DA:266,0
DA:267,0
DA:268,0
DA:269,0
DA:271,0
DA:272,0
DA:274,0
DA:283,0
DA:284,0
DA:285,0
DA:287,0
DA:292,0
DA:293,0
DA:294,0
DA:295,0
DA:296,0
DA:298,0
DA:299,0
DA:301,0
DA:310,0
DA:311,0
DA:312,0
DA:314,0
DA:319,0
DA:320,0
DA:321,0
DA:322,0
DA:323,0
DA:325,0
DA:326,0
DA:328,0
DA:341,0
DA:343,0
DA:344,0
DA:346,0
DA:347,0
DA:349,0
DA:351,0
DA:356,0
DA:357,0
DA:358,0
DA:359,0
DA:361,0
DA:362,0
DA:364,0
DA:387,1
DA:389,0
DA:390,0
DA:394,0
DA:396,0
DA:397,0
DA:398,0
DA:399,0
DA:400,0
DA:401,0
DA:402,0
DA:403,0
DA:404,0
DA:405,0
DA:406,0
DA:407,0
DA:409,0
DA:410,0
DA:411,0
DA:414,0
DA:415,0
DA:416,0
DA:417,0
DA:419,0
DA:422,0
DA:424,0
DA:425,0
DA:427,0
DA:428,0
DA:429,0
DA:430,0
DA:431,0
DA:433,0
DA:436,0
DA:437,0
DA:439,0
DA:441,0
DA:443,0
DA:453,0
DA:455,0
DA:456,0
DA:458,0
DA:459,0
LF:210
LH:6
end_of_record
SF:lib\domain\core\error\api_failures.dart
DA:20,0
DA:21,0
DA:22,0
DA:23,0
DA:24,0
DA:25,0
DA:26,0
DA:27,0
LF:8
LH:0
end_of_record
SF:lib\domain\dashboard\value\value_objects.dart
DA:10,1
DA:11,2
DA:14,1
DA:21,0
DA:22,0
DA:25,0
LF:6
LH:3
end_of_record
SF:lib\domain\core\error\errors.dart
DA:8,0
DA:10,0
DA:15,0
LF:3
LH:0
end_of_record
SF:lib\domain\core\error\exception.dart
DA:3,0
DA:9,0
DA:14,0
DA:19,0
LF:4
LH:0
end_of_record
SF:lib\domain\core\error\exception_handler.dart
DA:2,0
DA:4,0
LF:2
LH:0
end_of_record
SF:lib\domain\core\error\failure_handler.dart
DA:9,0
DA:10,0
DA:11,0
DA:12,0
DA:15,0
DA:16,0
DA:17,0
DA:18,0
DA:19,0
DA:20,0
DA:21,0
DA:22,0
DA:24,0
DA:26,0
DA:27,0
DA:28,0
DA:29,0
DA:31,0
LF:18
LH:0
end_of_record
SF:lib\domain\core\value\value_objects.dart
DA:9,1
DA:13,0
DA:15,0
DA:18,0
DA:19,0
DA:22,0
DA:24,0
DA:25,0
DA:26,0
DA:27,0
DA:31,0
DA:33,0
DA:37,0
DA:40,0
DA:41,0
DA:43,0
DA:44,0
DA:48,0
DA:52,0
DA:54,0
DA:57,0
DA:59,0
DA:63,0
DA:66,0
DA:67,0
DA:69,0
DA:70,0
LF:27
LH:1
end_of_record
SF:lib\domain\core\value\value_validators.dart
DA:4,1
DA:5,1
DA:6,0
DA:7,2
LF:4
LH:3
end_of_record
SF:lib\domain\dashboard\entities\city_cred.dart
DA:8,0
DA:14,0
DA:15,0
LF:3
LH:0
end_of_record
SF:lib\domain\dashboard\entities\fetched_weather.dart
DA:6,2
DA:11,0
LF:2
LH:1
end_of_record
SF:lib\domain\dashboard\entities\weather.dart
DA:6,1
DA:10,0
LF:2
LH:1
end_of_record
SF:lib\infrastructure\core\http\http.dart
DA:7,0
DA:9,0
DA:13,0
DA:14,0
DA:15,0
DA:18,0
DA:20,0
DA:24,0
DA:26,0
DA:32,0
DA:33,0
DA:35,0
DA:39,0
DA:40,0
LF:14
LH:0
end_of_record
SF:lib\infrastructure\dashboard\datasource\weather_remote.dart
DA:14,0
DA:19,0
DA:20,0
DA:21,0
DA:24,0
DA:26,0
DA:27,0
DA:31,0
DA:35,0
DA:36,0
DA:37,0
DA:38,0
DA:40,0
DA:41,0
DA:42,0
LF:15
LH:0
end_of_record
SF:lib\infrastructure\dashboard\dtos\weather_dtos.dart
DA:9,0
DA:15,0
DA:16,0
DA:19,0
DA:20,0
DA:21,0
DA:25,0
DA:26,0
LF:8
LH:0
end_of_record
SF:lib\infrastructure\dashboard\dtos\weather_dtos.g.dart
DA:9,0
DA:10,0
DA:11,0
DA:14,0
DA:15,0
DA:16,0
LF:6
LH:0
end_of_record
SF:lib\infrastructure\dashboard\repository\weather_repository.dart
DA:14,0
DA:18,0
DA:21,0
DA:23,0
DA:27,0
DA:31,0
DA:34,0
DA:37,0
DA:40,0
DA:43,0
DA:45,0
DA:48,0
DA:50,0
DA:54,0
DA:57,0
LF:15
LH:0
end_of_record
SF:lib\locator.dart
DA:13,0
DA:15,0
DA:21,0
DA:22,0
DA:23,0
DA:25,0
DA:26,0
DA:28,0
DA:29,0
DA:30,0
DA:31,0
DA:32,0
DA:36,0
DA:37,0
DA:38,0
DA:39,0
DA:48,0
DA:49,0
DA:50,0
DA:54,0
DA:55,0
LF:21
LH:0
end_of_record
SF:lib\presentation\routes\route_observer.dart
DA:5,0
DA:7,0
DA:9,0
DA:10,0
DA:14,0
DA:16,0
DA:17,0
DA:21,0
DA:23,0
DA:26,0
DA:28,0
LF:11
LH:0
end_of_record
SF:lib\presentation\routes\router.gr.dart
DA:20,0
DA:21,0
DA:25,0
DA:26,0
DA:33,0
DA:34,0
DA:35,0
DA:41,0
DA:51,0
DA:52,0
LF:10
LH:0
end_of_record
SF:lib\presentation\core\snackbar.dart
DA:3,0
DA:4,0
DA:5,0
DA:6,0
LF:4
LH:0
end_of_record
